
/home/runner/work/exp-integration-unequal-segments-iitb/exp-integration-unequal-segments-iitb/experiment/simulation/common_libraries/js/ts_components/collapse_step.js
   1:10  warning  'show_step' is defined but never used                 no-unused-vars
   2:5   warning  '$' is not defined                                    no-undef
   3:9   warning  '$' is not defined                                    no-undef
   6:10  warning  'hide_step' is defined but never used                 no-unused-vars
   7:5   warning  '$' is not defined                                    no-undef
   8:9   warning  '$' is not defined                                    no-undef
  11:10  warning  'get_collapse_btn_text' is defined but never used     no-unused-vars
  20:10  warning  'get_collapse_btn_element' is defined but never used  no-unused-vars
  29:10  warning  'hide_all_steps' is defined but never used            no-unused-vars
  31:9   warning  '$' is not defined                                    no-undef

/home/runner/work/exp-integration-unequal-segments-iitb/exp-integration-unequal-segments-iitb/experiment/simulation/common_libraries/js/ts_components/matrix.js
   27:26  warning  'MathJax' is not defined                                no-undef
   32:7   warning  'Matrix_Without_String' is defined but never used       no-unused-vars
   52:26  warning  'MathJax' is not defined                                no-undef
   56:10  warning  'get_matrix_html' is defined but never used             no-unused-vars
   87:13  warning  'row_html' is assigned a value but never used           no-unused-vars
   99:10  warning  'get_matrix_html_with_title' is defined but never used  no-unused-vars
  131:13  warning  'row_html' is assigned a value but never used           no-unused-vars
  143:10  warning  'convert_2d_to_1d_vector' is defined but never used     no-unused-vars
  156:10  warning  'convert_1d_to_2d_matrix' is defined but never used     no-unused-vars

/home/runner/work/exp-integration-unequal-segments-iitb/exp-integration-unequal-segments-iitb/experiment/simulation/common_libraries/js/ts_components/pannel.js
  8:7  warning  'Pannel' is defined but never used  no-unused-vars

/home/runner/work/exp-integration-unequal-segments-iitb/exp-integration-unequal-segments-iitb/experiment/simulation/common_libraries/js/ts_components/questions.js
   6:17  warning  'op1' is assigned a value but never used      no-unused-vars
   7:17  warning  'op2' is assigned a value but never used      no-unused-vars
   8:17  warning  'op3' is assigned a value but never used      no-unused-vars
   9:17  warning  'op4' is assigned a value but never used      no-unused-vars
  94:7   warning  'Question_Options' is defined but never used  no-unused-vars

/home/runner/work/exp-integration-unequal-segments-iitb/exp-integration-unequal-segments-iitb/experiment/simulation/common_libraries/js/ts_components/tables.js
   19:22  warning  'verify_values' is not defined                                     no-undef
  137:22  warning  'verify_values' is not defined                                     no-undef
  260:7   warning  'Verify_Rows_Cols_6_decimal_places' is defined but never used      no-unused-vars
  311:22  warning  'verify_values' is not defined                                     no-undef
  416:7   warning  'Verify_Rows_Cols_Custom_Fixed_Update1' is defined but never used  no-unused-vars
  468:7   warning  'Show_Table_Custom_Fixed' is defined but never used                no-unused-vars
  506:7   warning  'Verify_Rows_Cols_Strings' is defined but never used               no-unused-vars
  527:22  warning  'verify_values' is not defined                                     no-undef
  663:7   warning  'Display_Table' is defined but never used                          no-unused-vars

/home/runner/work/exp-integration-unequal-segments-iitb/exp-integration-unequal-segments-iitb/experiment/simulation/common_libraries/js/ts_math_library/general_math_functions.js
    1:10  warning  'verify_values' is defined but never used                   no-unused-vars
   17:10  warning  'random1' is defined but never used                         no-unused-vars
   21:10  warning  'std_deviation' is defined but never used                   no-unused-vars
   26:10  warning  'gauss' is defined but never used                           no-unused-vars
   56:10  warning  'hide_panel' is defined but never used                      no-unused-vars
   63:10  warning  'inverse_matrix' is defined but never used                  no-unused-vars
   96:10  warning  'matrix_multiplication' is defined but never used           no-unused-vars
  113:10  warning  'transpose_matrix' is defined but never used                no-unused-vars
  123:10  warning  'matrix_multiplication_8decimal' is defined but never used  no-unused-vars
  140:10  warning  'adjoint_2x2_matrix' is defined but never used              no-unused-vars
  145:10  warning  'find_deteminant' is defined but never used                 no-unused-vars
  174:10  warning  'get_Submatrix' is defined but never used                   no-unused-vars

/home/runner/work/exp-integration-unequal-segments-iitb/exp-integration-unequal-segments-iitb/experiment/simulation/common_libraries/js/ts_math_library/regression.js
   1:10  warning  'regression_linear' is defined but never used            no-unused-vars
  18:10  warning  'regression_linear_1variable' is defined but never used  no-unused-vars
  27:10  warning  'regression_linear_2variable' is defined but never used  no-unused-vars
  52:11  warning  'gauss' is not defined                                   no-undef

/home/runner/work/exp-integration-unequal-segments-iitb/exp-integration-unequal-segments-iitb/experiment/simulation/common_libraries/math.ob.js
  1:745  warning  'b' is already defined  no-redeclare

/home/runner/work/exp-integration-unequal-segments-iitb/exp-integration-unequal-segments-iitb/experiment/simulation/js/activity1.js
   20:24  warning  'MathJax' is not defined                 no-undef
   23:10  warning  'start_act1' is defined but never used   no-unused-vars
   28:20  warning  'get_collapse_btn_text' is not defined   no-undef
   79:5   warning  'hide_all_steps' is not defined          no-undef
   80:5   warning  'show_step' is not defined               no-undef
   81:24  warning  'MathJax' is not defined                 no-undef
   87:5   warning  'h1x' is not defined                     no-undef
   87:11  warning  'X' is not defined                       no-undef
   87:18  warning  'X' is not defined                       no-undef
   88:5   warning  'h2x' is not defined                     no-undef
   88:11  warning  'X' is not defined                       no-undef
   88:18  warning  'X' is not defined                       no-undef
   89:5   warning  'h3x' is not defined                     no-undef
   89:11  warning  'X' is not defined                       no-undef
   89:18  warning  'X' is not defined                       no-undef
   91:10  warning  'verify_h' is defined but never used     no-unused-vars
  106:37  warning  'h1x' is not defined                     no-undef
  106:42  warning  'h2x' is not defined                     no-undef
  106:47  warning  'h3x' is not defined                     no-undef
  107:37  warning  'a1_I_vals' is not defined               no-undef
  108:10  warning  'verify_values' is not defined           no-undef
  108:48  warning  'h1x' is not defined                     no-undef
  112:10  warning  'verify_values' is not defined           no-undef
  112:48  warning  'h2x' is not defined                     no-undef
  116:10  warning  'verify_values' is not defined           no-undef
  116:48  warning  'h3x' is not defined                     no-undef
  120:10  warning  'verify_values' is not defined           no-undef
  120:48  warning  'a1_I_vals' is not defined               no-undef
  124:10  warning  'verify_values' is not defined           no-undef
  124:48  warning  'a1_I_vals' is not defined               no-undef
  128:10  warning  'verify_values' is not defined           no-undef
  128:48  warning  'a1_I_vals' is not defined               no-undef
  134:24  warning  'h1x' is not defined                     no-undef
  136:24  warning  'h2x' is not defined                     no-undef
  138:24  warning  'h3x' is not defined                     no-undef
  140:24  warning  'a1_I_vals' is not defined               no-undef
  142:24  warning  'a1_I_vals' is not defined               no-undef
  144:24  warning  'a1_I_vals' is not defined               no-undef
  149:5   warning  'tb_data' is not defined                 no-undef
  151:5   warning  'tb_data' is not defined                 no-undef
  152:25  warning  'Y' is not defined                       no-undef
  153:9   warning  'tb_data' is not defined                 no-undef
  153:28  warning  'Y' is not defined                       no-undef
  155:18  warning  'Display_Table' is not defined           no-undef
  155:40  warning  'tb_data' is not defined                 no-undef
  159:5   warning  'a1_I_vals' is not defined               no-undef
  159:20  warning  'trap' is not defined                    no-undef
  159:26  warning  'X' is not defined                       no-undef
  159:32  warning  'X' is not defined                       no-undef
  159:40  warning  'Y' is not defined                       no-undef
  159:46  warning  'Y' is not defined                       no-undef
  160:5   warning  'a1_I_vals' is not defined               no-undef
  160:20  warning  'sim1by3' is not defined                 no-undef
  160:29  warning  'X' is not defined                       no-undef
  160:35  warning  'X' is not defined                       no-undef
  160:41  warning  'X' is not defined                       no-undef
  160:49  warning  'Y' is not defined                       no-undef
  160:55  warning  'Y' is not defined                       no-undef
  160:61  warning  'Y' is not defined                       no-undef
  161:5   warning  'a1_I_vals' is not defined               no-undef
  161:20  warning  'sim3by8' is not defined                 no-undef
  161:29  warning  'X' is not defined                       no-undef
  161:35  warning  'X' is not defined                       no-undef
  161:41  warning  'X' is not defined                       no-undef
  161:47  warning  'X' is not defined                       no-undef
  161:55  warning  'Y' is not defined                       no-undef
  161:61  warning  'Y' is not defined                       no-undef
  161:67  warning  'Y' is not defined                       no-undef
  161:73  warning  'Y' is not defined                       no-undef
  162:5   warning  'a1_I' is not defined                    no-undef
  162:12  warning  'a1_I_vals' is not defined               no-undef
  162:27  warning  'a1_I_vals' is not defined               no-undef
  162:42  warning  'a1_I_vals' is not defined               no-undef
  163:50  warning  'a1_I_vals' is not defined               no-undef
  164:42  warning  'a1_I' is not defined                    no-undef
  166:10  warning  'verify_a1_I' is defined but never used  no-unused-vars
  168:25  warning  'a1_I' is not defined                    no-undef
  171:10  warning  'verify_values' is not defined           no-undef
  171:47  warning  'a1_I' is not defined                    no-undef
  177:23  warning  'a1_I' is not defined                    no-undef
  178:5   warning  'activity2' is not defined               no-undef

/home/runner/work/exp-integration-unequal-segments-iitb/exp-integration-unequal-segments-iitb/experiment/simulation/js/activity2.js
    1:10  warning  'activity2' is defined but never used     no-unused-vars
   17:5   warning  'maindiv' is not defined                  no-undef
   18:24  warning  'MathJax' is not defined                  no-undef
   21:10  warning  'start_act2' is defined but never used    no-unused-vars
   26:20  warning  'get_collapse_btn_text' is not defined    no-undef
   76:5   warning  'maindiv' is not defined                  no-undef
   77:5   warning  'hide_all_steps' is not defined           no-undef
   78:5   warning  'show_step' is not defined                no-undef
   79:24  warning  'MathJax' is not defined                  no-undef
   85:5   warning  'a2h1x' is not defined                    no-undef
   85:13  warning  'X2' is not defined                       no-undef
   85:21  warning  'X2' is not defined                       no-undef
   86:5   warning  'a2h2x' is not defined                    no-undef
   86:13  warning  'X2' is not defined                       no-undef
   86:21  warning  'X2' is not defined                       no-undef
   87:5   warning  'a2h3x' is not defined                    no-undef
   87:13  warning  'X2' is not defined                       no-undef
   87:21  warning  'X2' is not defined                       no-undef
   89:10  warning  'verify_h2' is defined but never used     no-unused-vars
  104:37  warning  'a2h1x' is not defined                    no-undef
  104:44  warning  'a2h3x' is not defined                    no-undef
  104:51  warning  'a2h2x' is not defined                    no-undef
  105:37  warning  'a2_I_vals' is not defined                no-undef
  106:10  warning  'verify_values' is not defined            no-undef
  106:48  warning  'a2h1x' is not defined                    no-undef
  110:10  warning  'verify_values' is not defined            no-undef
  110:48  warning  'a2h2x' is not defined                    no-undef
  114:10  warning  'verify_values' is not defined            no-undef
  114:48  warning  'a2h3x' is not defined                    no-undef
  118:10  warning  'verify_values' is not defined            no-undef
  118:48  warning  'a2_I_vals' is not defined                no-undef
  122:10  warning  'verify_values' is not defined            no-undef
  122:48  warning  'a2_I_vals' is not defined                no-undef
  126:10  warning  'verify_values' is not defined            no-undef
  126:48  warning  'a2_I_vals' is not defined                no-undef
  132:24  warning  'a2h1x' is not defined                    no-undef
  134:24  warning  'a2h2x' is not defined                    no-undef
  136:24  warning  'a2h3x' is not defined                    no-undef
  138:24  warning  'a2_I_vals' is not defined                no-undef
  140:24  warning  'a2_I_vals' is not defined                no-undef
  142:24  warning  'a2_I_vals' is not defined                no-undef
  147:5   warning  'tb2_data' is not defined                 no-undef
  149:5   warning  'tb2_data' is not defined                 no-undef
  150:25  warning  'Y2' is not defined                       no-undef
  151:9   warning  'tb2_data' is not defined                 no-undef
  151:29  warning  'Y2' is not defined                       no-undef
  153:19  warning  'Display_Table' is not defined            no-undef
  153:41  warning  'tb2_data' is not defined                 no-undef
  157:5   warning  'a2_I_vals' is not defined                no-undef
  157:20  warning  'trap' is not defined                     no-undef
  157:26  warning  'X2' is not defined                       no-undef
  157:33  warning  'X2' is not defined                       no-undef
  157:42  warning  'Y2' is not defined                       no-undef
  157:49  warning  'Y2' is not defined                       no-undef
  158:34  warning  'X2' is not defined                       no-undef
  158:41  warning  'X2' is not defined                       no-undef
  159:34  warning  'Y2' is not defined                       no-undef
  159:41  warning  'Y2' is not defined                       no-undef
  160:5   warning  'a2_I_vals' is not defined                no-undef
  160:20  warning  'sim1by3' is not defined                  no-undef
  160:29  warning  'X2' is not defined                       no-undef
  160:36  warning  'X2' is not defined                       no-undef
  160:43  warning  'X2' is not defined                       no-undef
  160:52  warning  'Y2' is not defined                       no-undef
  160:59  warning  'Y2' is not defined                       no-undef
  160:66  warning  'Y2' is not defined                       no-undef
  161:5   warning  'a2_I_vals' is not defined                no-undef
  161:20  warning  'sim3by8' is not defined                  no-undef
  161:29  warning  'X2' is not defined                       no-undef
  161:36  warning  'X2' is not defined                       no-undef
  161:43  warning  'X2' is not defined                       no-undef
  161:50  warning  'X2' is not defined                       no-undef
  161:59  warning  'Y2' is not defined                       no-undef
  161:66  warning  'Y2' is not defined                       no-undef
  161:73  warning  'Y2' is not defined                       no-undef
  161:80  warning  'Y2' is not defined                       no-undef
  162:5   warning  'a2_I' is not defined                     no-undef
  162:12  warning  'a2_I_vals' is not defined                no-undef
  162:27  warning  'a2_I_vals' is not defined                no-undef
  162:42  warning  'a2_I_vals' is not defined                no-undef
  163:50  warning  'a2_I_vals' is not defined                no-undef
  164:42  warning  'a2_I' is not defined                     no-undef
  166:10  warning  'verify_a1_I2' is defined but never used  no-unused-vars
  168:25  warning  'a2_I' is not defined                     no-undef
  171:10  warning  'verify_values' is not defined            no-undef
  171:47  warning  'a2_I' is not defined                     no-undef
  177:23  warning  'a2_I' is not defined                     no-undef
  178:5   warning  'activity3' is not defined                no-undef
  180:1   warning  'activity1' is not defined                no-undef

/home/runner/work/exp-integration-unequal-segments-iitb/exp-integration-unequal-segments-iitb/experiment/simulation/js/activity3.js
    1:10  warning  'activity3' is defined but never used     no-unused-vars
   17:5   warning  'maindiv' is not defined                  no-undef
   18:24  warning  'MathJax' is not defined                  no-undef
   21:10  warning  'start_act3' is defined but never used    no-unused-vars
   26:20  warning  'get_collapse_btn_text' is not defined    no-undef
   78:5   warning  'maindiv' is not defined                  no-undef
   79:5   warning  'hide_all_steps' is not defined           no-undef
   80:5   warning  'show_step' is not defined                no-undef
   81:24  warning  'MathJax' is not defined                  no-undef
   87:5   warning  'a3h1x' is not defined                    no-undef
   87:13  warning  'X3' is not defined                       no-undef
   87:21  warning  'X3' is not defined                       no-undef
   88:5   warning  'a3h2x' is not defined                    no-undef
   88:13  warning  'X3' is not defined                       no-undef
   88:21  warning  'X3' is not defined                       no-undef
   89:5   warning  'a3h3x' is not defined                    no-undef
   89:13  warning  'X3' is not defined                       no-undef
   89:21  warning  'X3' is not defined                       no-undef
   91:10  warning  'verify_h3' is defined but never used     no-unused-vars
  106:37  warning  'a3h3x' is not defined                    no-undef
  106:44  warning  'a3h1x' is not defined                    no-undef
  106:51  warning  'a3h2x' is not defined                    no-undef
  107:37  warning  'a3_I_vals' is not defined                no-undef
  108:10  warning  'verify_values' is not defined            no-undef
  108:48  warning  'a3h1x' is not defined                    no-undef
  112:10  warning  'verify_values' is not defined            no-undef
  112:48  warning  'a3h2x' is not defined                    no-undef
  116:10  warning  'verify_values' is not defined            no-undef
  116:48  warning  'a3h3x' is not defined                    no-undef
  120:10  warning  'verify_values' is not defined            no-undef
  120:48  warning  'a3_I_vals' is not defined                no-undef
  124:10  warning  'verify_values' is not defined            no-undef
  124:48  warning  'a3_I_vals' is not defined                no-undef
  128:10  warning  'verify_values' is not defined            no-undef
  128:48  warning  'a3_I_vals' is not defined                no-undef
  134:24  warning  'a3h1x' is not defined                    no-undef
  136:24  warning  'a3h2x' is not defined                    no-undef
  138:24  warning  'a3h3x' is not defined                    no-undef
  140:24  warning  'a3_I_vals' is not defined                no-undef
  142:24  warning  'a3_I_vals' is not defined                no-undef
  144:24  warning  'a3_I_vals' is not defined                no-undef
  149:5   warning  'tb3_data' is not defined                 no-undef
  151:5   warning  'tb3_data' is not defined                 no-undef
  152:25  warning  'Y3' is not defined                       no-undef
  153:9   warning  'tb3_data' is not defined                 no-undef
  153:29  warning  'Y3' is not defined                       no-undef
  155:19  warning  'Display_Table' is not defined            no-undef
  155:41  warning  'tb3_data' is not defined                 no-undef
  159:5   warning  'a3_I_vals' is not defined                no-undef
  159:20  warning  'trap' is not defined                     no-undef
  159:26  warning  'X3' is not defined                       no-undef
  159:33  warning  'X3' is not defined                       no-undef
  159:42  warning  'Y3' is not defined                       no-undef
  159:49  warning  'Y3' is not defined                       no-undef
  160:5   warning  'a3_I_vals' is not defined                no-undef
  160:20  warning  'sim1by3' is not defined                  no-undef
  160:29  warning  'X3' is not defined                       no-undef
  160:36  warning  'X3' is not defined                       no-undef
  160:43  warning  'X3' is not defined                       no-undef
  160:52  warning  'Y3' is not defined                       no-undef
  160:59  warning  'Y3' is not defined                       no-undef
  160:66  warning  'Y3' is not defined                       no-undef
  161:5   warning  'a3_I_vals' is not defined                no-undef
  161:20  warning  'sim3by8' is not defined                  no-undef
  161:29  warning  'X3' is not defined                       no-undef
  161:36  warning  'X3' is not defined                       no-undef
  161:43  warning  'X3' is not defined                       no-undef
  161:50  warning  'X3' is not defined                       no-undef
  161:59  warning  'Y3' is not defined                       no-undef
  161:66  warning  'Y3' is not defined                       no-undef
  161:73  warning  'Y3' is not defined                       no-undef
  161:80  warning  'Y3' is not defined                       no-undef
  162:5   warning  'a3_I' is not defined                     no-undef
  162:12  warning  'a3_I_vals' is not defined                no-undef
  162:27  warning  'a3_I_vals' is not defined                no-undef
  162:42  warning  'a3_I_vals' is not defined                no-undef
  163:50  warning  'a3_I_vals' is not defined                no-undef
  164:42  warning  'a3_I' is not defined                     no-undef
  166:10  warning  'verify_a1_I3' is defined but never used  no-unused-vars
  168:25  warning  'a3_I' is not defined                     no-undef
  171:10  warning  'verify_values' is not defined            no-undef
  171:47  warning  'a3_I' is not defined                     no-undef
  177:23  warning  'a3_I' is not defined                     no-undef
  180:1   warning  'activity1' is not defined                no-undef

/home/runner/work/exp-integration-unequal-segments-iitb/exp-integration-unequal-segments-iitb/experiment/simulation/js/data.js
   3:5  warning  'tb_data' is assigned a value but never used         no-unused-vars
   4:5  warning  'I_val' is assigned a value but never used           no-unused-vars
  15:5  warning  'a1_integration' is assigned a value but never used  no-unused-vars
  16:5  warning  'a1_I_vals' is assigned a value but never used       no-unused-vars
  17:5  warning  'a1_I' is assigned a value but never used            no-unused-vars
  18:5  warning  'h1x' is assigned a value but never used             no-unused-vars
  19:5  warning  'h2x' is assigned a value but never used             no-unused-vars
  20:5  warning  'h3x' is assigned a value but never used             no-unused-vars
  22:5  warning  'tb2_data' is assigned a value but never used        no-unused-vars
  23:5  warning  'I2_val' is assigned a value but never used          no-unused-vars
  34:5  warning  'a2_integration' is assigned a value but never used  no-unused-vars
  35:5  warning  'a2_I_vals' is assigned a value but never used       no-unused-vars
  36:5  warning  'a2_I' is assigned a value but never used            no-unused-vars
  37:5  warning  'a2h1x' is assigned a value but never used           no-unused-vars
  38:5  warning  'a2h2x' is assigned a value but never used           no-unused-vars
  39:5  warning  'a2h3x' is assigned a value but never used           no-unused-vars
  41:5  warning  'tb3_data' is assigned a value but never used        no-unused-vars
  42:5  warning  'I3_val' is assigned a value but never used          no-unused-vars
  43:5  warning  'X3' is assigned a value but never used              no-unused-vars
  53:5  warning  'a3_integration' is assigned a value but never used  no-unused-vars
  54:5  warning  'a3_I_vals' is assigned a value but never used       no-unused-vars
  55:5  warning  'a3_I' is assigned a value but never used            no-unused-vars
  56:5  warning  'a3h1x' is assigned a value but never used           no-unused-vars
  57:5  warning  'a3h2x' is assigned a value but never used           no-unused-vars
  58:5  warning  'a3h3x' is assigned a value but never used           no-unused-vars

/home/runner/work/exp-integration-unequal-segments-iitb/exp-integration-unequal-segments-iitb/experiment/simulation/js/gauss_ele.js
  42:10  warning  'gauss_ele' is defined but never used  no-unused-vars

/home/runner/work/exp-integration-unequal-segments-iitb/exp-integration-unequal-segments-iitb/experiment/simulation/js/screen_size.js
  1:10  warning  'set_screen_size' is defined but never used  no-unused-vars

/home/runner/work/exp-integration-unequal-segments-iitb/exp-integration-unequal-segments-iitb/experiment/simulation/js/trap.js
   4:10  warning  'generate_data' is defined but never used  no-unused-vars
  13:10  warning  'trap' is defined but never used           no-unused-vars
  22:10  warning  'sim1by3' is defined but never used        no-unused-vars
  30:10  warning  'sim3by8' is defined but never used        no-unused-vars

✖ 336 problems (0 errors, 336 warnings)

